<?xml version="1.0" encoding="UTF-8"?>
<coverage generated="1788886416169" clover="3.2.0">
  <project timestamp="1788886416169" name="All files">
    <metrics statements="78" coveredstatements="65" conditionals="62" coveredconditionals="50" methods="14" coveredmethods="13" elements="154" coveredelements="128" complexity="0" loc="78" ncloc="78" packages="1" files="2" classes="2"/>
    <file name="math.js" path="C:\Users\50704674840\Documents\TSOF\Unitários-Lib-v2-Aluno\src\math.js">
      <metrics statements="68" coveredstatements="60" conditionals="56" coveredconditionals="48" methods="12" coveredmethods="12"/>
      <line num="2" count="8" type="cond" truecount="4" falsecount="0"/>
      <line num="3" count="1" type="stmt"/>
      <line num="6" count="7" type="stmt"/>
      <line num="10" count="7" type="cond" truecount="3" falsecount="1"/>
      <line num="11" count="0" type="stmt"/>
      <line num="14" count="7" type="stmt"/>
      <line num="18" count="8" type="cond" truecount="3" falsecount="1"/>
      <line num="19" count="0" type="stmt"/>
      <line num="22" count="8" type="stmt"/>
      <line num="26" count="8" type="cond" truecount="3" falsecount="1"/>
      <line num="27" count="0" type="stmt"/>
      <line num="30" count="8" type="cond" truecount="2" falsecount="0"/>
      <line num="31" count="1" type="stmt"/>
      <line num="33" count="7" type="stmt"/>
      <line num="37" count="7" type="cond" truecount="3" falsecount="1"/>
      <line num="38" count="0" type="stmt"/>
      <line num="41" count="7" type="stmt"/>
      <line num="46" count="8" type="cond" truecount="1" falsecount="1"/>
      <line num="47" count="0" type="stmt"/>
      <line num="50" count="8" type="cond" truecount="2" falsecount="0"/>
      <line num="51" count="1" type="stmt"/>
      <line num="54" count="7" type="cond" truecount="4" falsecount="0"/>
      <line num="55" count="2" type="stmt"/>
      <line num="58" count="5" type="stmt"/>
      <line num="59" count="5" type="stmt"/>
      <line num="60" count="25" type="stmt"/>
      <line num="63" count="5" type="stmt"/>
      <line num="67" count="7" type="cond" truecount="1" falsecount="1"/>
      <line num="68" count="0" type="stmt"/>
      <line num="71" count="7" type="stmt"/>
      <line num="75" count="6" type="cond" truecount="4" falsecount="0"/>
      <line num="76" count="1" type="stmt"/>
      <line num="79" count="13" type="stmt"/>
      <line num="80" count="5" type="stmt"/>
      <line num="84" count="11" type="cond" truecount="4" falsecount="0"/>
      <line num="85" count="3" type="stmt"/>
      <line num="88" count="8" type="cond" truecount="2" falsecount="0"/>
      <line num="89" count="1" type="stmt"/>
      <line num="92" count="7" type="cond" truecount="2" falsecount="0"/>
      <line num="93" count="3" type="stmt"/>
      <line num="96" count="4" type="stmt"/>
      <line num="97" count="1" type="cond" truecount="1" falsecount="1"/>
      <line num="98" count="0" type="stmt"/>
      <line num="102" count="4" type="stmt"/>
      <line num="106" count="7" type="cond" truecount="1" falsecount="1"/>
      <line num="107" count="0" type="stmt"/>
      <line num="110" count="7" type="stmt"/>
      <line num="114" count="8" type="cond" truecount="4" falsecount="0"/>
      <line num="115" count="1" type="stmt"/>
      <line num="118" count="7" type="cond" truecount="2" falsecount="0"/>
      <line num="119" count="6" type="cond" truecount="2" falsecount="0"/>
      <line num="121" count="5" type="stmt"/>
      <line num="122" count="5" type="stmt"/>
      <line num="124" count="5" type="stmt"/>
      <line num="125" count="44" type="stmt"/>
      <line num="126" count="44" type="stmt"/>
      <line num="127" count="44" type="stmt"/>
      <line num="130" count="5" type="stmt"/>
      <line num="133" count="1" type="stmt"/>
      <line num="134" count="1" type="stmt"/>
      <line num="135" count="1" type="stmt"/>
      <line num="136" count="1" type="stmt"/>
      <line num="137" count="1" type="stmt"/>
      <line num="138" count="1" type="stmt"/>
      <line num="139" count="1" type="stmt"/>
      <line num="140" count="1" type="stmt"/>
      <line num="141" count="1" type="stmt"/>
      <line num="142" count="1" type="stmt"/>
    </file>
    <file name="moeda.js" path="C:\Users\50704674840\Documents\TSOF\Unitários-Lib-v2-Aluno\src\moeda.js">
      <metrics statements="10" coveredstatements="5" conditionals="6" coveredconditionals="2" methods="2" coveredmethods="1"/>
      <line num="3" count="1" type="stmt"/>
      <line num="6" count="1" type="stmt"/>
      <line num="13" count="1" type="stmt"/>
      <line num="15" count="1" type="cond" truecount="2" falsecount="2"/>
      <line num="16" count="1" type="stmt"/>
      <line num="19" count="0" type="stmt"/>
      <line num="23" count="0" type="cond" truecount="0" falsecount="2"/>
      <line num="24" count="0" type="stmt"/>
      <line num="27" count="0" type="stmt"/>
      <line num="28" count="0" type="stmt"/>
    </file>
  </project>
</coverage>
