{"C:\\Users\\50704674840\\Documents\\TSOF\\Unitários-Lib-v2-Aluno\\src\\math.js": {"path":"C:\\Users\\50704674840\\Documents\\TSOF\\Unitários-Lib-v2-Aluno\\src\\math.js","statementMap":{"0":{"start":{"line":2,"column":2},"end":{"line":4,"column":3}},"1":{"start":{"line":3,"column":4},"end":{"line":3,"column":53}},"2":{"start":{"line":6,"column":2},"end":{"line":6,"column":15}},"3":{"start":{"line":10,"column":2},"end":{"line":12,"column":3}},"4":{"start":{"line":11,"column":4},"end":{"line":11,"column":53}},"5":{"start":{"line":14,"column":2},"end":{"line":14,"column":15}},"6":{"start":{"line":18,"column":2},"end":{"line":20,"column":3}},"7":{"start":{"line":19,"column":4},"end":{"line":19,"column":53}},"8":{"start":{"line":22,"column":2},"end":{"line":22,"column":15}},"9":{"start":{"line":26,"column":2},"end":{"line":28,"column":3}},"10":{"start":{"line":27,"column":4},"end":{"line":27,"column":53}},"11":{"start":{"line":30,"column":2},"end":{"line":32,"column":3}},"12":{"start":{"line":31,"column":4},"end":{"line":31,"column":57}},"13":{"start":{"line":33,"column":2},"end":{"line":33,"column":15}},"14":{"start":{"line":37,"column":2},"end":{"line":39,"column":3}},"15":{"start":{"line":38,"column":4},"end":{"line":38,"column":53}},"16":{"start":{"line":41,"column":2},"end":{"line":41,"column":34}},"17":{"start":{"line":46,"column":2},"end":{"line":48,"column":3}},"18":{"start":{"line":47,"column":4},"end":{"line":47,"column":51}},"19":{"start":{"line":50,"column":2},"end":{"line":52,"column":3}},"20":{"start":{"line":51,"column":4},"end":{"line":51,"column":68}},"21":{"start":{"line":54,"column":2},"end":{"line":56,"column":3}},"22":{"start":{"line":55,"column":4},"end":{"line":55,"column":13}},"23":{"start":{"line":58,"column":18},"end":{"line":58,"column":19}},"24":{"start":{"line":59,"column":2},"end":{"line":61,"column":3}},"25":{"start":{"line":59,"column":15},"end":{"line":59,"column":16}},"26":{"start":{"line":60,"column":4},"end":{"line":60,"column":19}},"27":{"start":{"line":63,"column":2},"end":{"line":63,"column":19}},"28":{"start":{"line":67,"column":2},"end":{"line":69,"column":3}},"29":{"start":{"line":68,"column":4},"end":{"line":68,"column":51}},"30":{"start":{"line":71,"column":2},"end":{"line":71,"column":26}},"31":{"start":{"line":75,"column":2},"end":{"line":77,"column":3}},"32":{"start":{"line":76,"column":4},"end":{"line":76,"column":74}},"33":{"start":{"line":79,"column":16},"end":{"line":79,"column":76}},"34":{"start":{"line":79,"column":54},"end":{"line":79,"column":72}},"35":{"start":{"line":80,"column":2},"end":{"line":80,"column":32}},"36":{"start":{"line":84,"column":2},"end":{"line":86,"column":3}},"37":{"start":{"line":85,"column":4},"end":{"line":85,"column":17}},"38":{"start":{"line":88,"column":2},"end":{"line":90,"column":3}},"39":{"start":{"line":89,"column":4},"end":{"line":89,"column":16}},"40":{"start":{"line":92,"column":2},"end":{"line":94,"column":3}},"41":{"start":{"line":93,"column":4},"end":{"line":93,"column":17}},"42":{"start":{"line":96,"column":2},"end":{"line":100,"column":3}},"43":{"start":{"line":96,"column":15},"end":{"line":96,"column":16}},"44":{"start":{"line":97,"column":4},"end":{"line":99,"column":5}},"45":{"start":{"line":98,"column":6},"end":{"line":98,"column":19}},"46":{"start":{"line":102,"column":2},"end":{"line":102,"column":14}},"47":{"start":{"line":106,"column":2},"end":{"line":108,"column":3}},"48":{"start":{"line":107,"column":4},"end":{"line":107,"column":71}},"49":{"start":{"line":110,"column":2},"end":{"line":110,"column":51}},"50":{"start":{"line":114,"column":2},"end":{"line":116,"column":3}},"51":{"start":{"line":115,"column":4},"end":{"line":115,"column":74}},"52":{"start":{"line":118,"column":2},"end":{"line":118,"column":30}},"53":{"start":{"line":118,"column":21},"end":{"line":118,"column":30}},"54":{"start":{"line":119,"column":2},"end":{"line":119,"column":30}},"55":{"start":{"line":119,"column":21},"end":{"line":119,"column":30}},"56":{"start":{"line":121,"column":17},"end":{"line":121,"column":18}},"57":{"start":{"line":122,"column":14},"end":{"line":122,"column":15}},"58":{"start":{"line":124,"column":2},"end":{"line":128,"column":3}},"59":{"start":{"line":124,"column":15},"end":{"line":124,"column":16}},"60":{"start":{"line":125,"column":20},"end":{"line":125,"column":36}},"61":{"start":{"line":126,"column":4},"end":{"line":126,"column":21}},"62":{"start":{"line":127,"column":4},"end":{"line":127,"column":20}},"63":{"start":{"line":130,"column":2},"end":{"line":130,"column":15}},"64":{"start":{"line":133,"column":19},"end":{"line":133,"column":24}},"65":{"start":{"line":134,"column":24},"end":{"line":134,"column":32}},"66":{"start":{"line":135,"column":24},"end":{"line":135,"column":35}},"67":{"start":{"line":136,"column":22},"end":{"line":136,"column":29}},"68":{"start":{"line":137,"column":21},"end":{"line":137,"column":27}},"69":{"start":{"line":138,"column":25},"end":{"line":138,"column":33}},"70":{"start":{"line":139,"column":22},"end":{"line":139,"column":27}},"71":{"start":{"line":140,"column":23},"end":{"line":140,"column":28}},"72":{"start":{"line":141,"column":23},"end":{"line":141,"column":30}},"73":{"start":{"line":142,"column":21},"end":{"line":142,"column":28}}},"fnMap":{"0":{"name":"somar","decl":{"start":{"line":1,"column":16},"end":{"line":1,"column":21}},"loc":{"start":{"line":1,"column":28},"end":{"line":7,"column":1}},"line":1},"1":{"name":"subtrair","decl":{"start":{"line":9,"column":16},"end":{"line":9,"column":24}},"loc":{"start":{"line":9,"column":31},"end":{"line":15,"column":1}},"line":9},"2":{"name":"multiplicar","decl":{"start":{"line":17,"column":16},"end":{"line":17,"column":27}},"loc":{"start":{"line":17,"column":34},"end":{"line":23,"column":1}},"line":17},"3":{"name":"dividir","decl":{"start":{"line":25,"column":16},"end":{"line":25,"column":23}},"loc":{"start":{"line":25,"column":30},"end":{"line":34,"column":1}},"line":25},"4":{"name":"elevar","decl":{"start":{"line":36,"column":16},"end":{"line":36,"column":22}},"loc":{"start":{"line":36,"column":39},"end":{"line":42,"column":1}},"line":36},"5":{"name":"fatorial","decl":{"start":{"line":44,"column":16},"end":{"line":44,"column":24}},"loc":{"start":{"line":44,"column":28},"end":{"line":64,"column":1}},"line":44},"6":{"name":"ehPar","decl":{"start":{"line":66,"column":16},"end":{"line":66,"column":21}},"loc":{"start":{"line":66,"column":30},"end":{"line":72,"column":1}},"line":66},"7":{"name":"media","decl":{"start":{"line":74,"column":16},"end":{"line":74,"column":21}},"loc":{"start":{"line":74,"column":31},"end":{"line":81,"column":1}},"line":74},"8":{"name":"(anonymous_8)","decl":{"start":{"line":79,"column":31},"end":{"line":79,"column":32}},"loc":{"start":{"line":79,"column":54},"end":{"line":79,"column":72}},"line":79},"9":{"name":"ehPrimo","decl":{"start":{"line":83,"column":16},"end":{"line":83,"column":23}},"loc":{"start":{"line":83,"column":32},"end":{"line":103,"column":1}},"line":83},"10":{"name":"limitar","decl":{"start":{"line":105,"column":16},"end":{"line":105,"column":23}},"loc":{"start":{"line":105,"column":47},"end":{"line":111,"column":1}},"line":105},"11":{"name":"fibonacci","decl":{"start":{"line":113,"column":16},"end":{"line":113,"column":25}},"loc":{"start":{"line":113,"column":35},"end":{"line":131,"column":1}},"line":113}},"branchMap":{"0":{"loc":{"start":{"line":2,"column":2},"end":{"line":4,"column":3}},"type":"if","locations":[{"start":{"line":2,"column":2},"end":{"line":4,"column":3}},{"start":{},"end":{}}],"line":2},"1":{"loc":{"start":{"line":2,"column":6},"end":{"line":2,"column":52}},"type":"binary-expr","locations":[{"start":{"line":2,"column":6},"end":{"line":2,"column":27}},{"start":{"line":2,"column":31},"end":{"line":2,"column":52}}],"line":2},"2":{"loc":{"start":{"line":10,"column":2},"end":{"line":12,"column":3}},"type":"if","locations":[{"start":{"line":10,"column":2},"end":{"line":12,"column":3}},{"start":{},"end":{}}],"line":10},"3":{"loc":{"start":{"line":10,"column":6},"end":{"line":10,"column":52}},"type":"binary-expr","locations":[{"start":{"line":10,"column":6},"end":{"line":10,"column":27}},{"start":{"line":10,"column":31},"end":{"line":10,"column":52}}],"line":10},"4":{"loc":{"start":{"line":18,"column":2},"end":{"line":20,"column":3}},"type":"if","locations":[{"start":{"line":18,"column":2},"end":{"line":20,"column":3}},{"start":{},"end":{}}],"line":18},"5":{"loc":{"start":{"line":18,"column":6},"end":{"line":18,"column":52}},"type":"binary-expr","locations":[{"start":{"line":18,"column":6},"end":{"line":18,"column":27}},{"start":{"line":18,"column":31},"end":{"line":18,"column":52}}],"line":18},"6":{"loc":{"start":{"line":26,"column":2},"end":{"line":28,"column":3}},"type":"if","locations":[{"start":{"line":26,"column":2},"end":{"line":28,"column":3}},{"start":{},"end":{}}],"line":26},"7":{"loc":{"start":{"line":26,"column":6},"end":{"line":26,"column":52}},"type":"binary-expr","locations":[{"start":{"line":26,"column":6},"end":{"line":26,"column":27}},{"start":{"line":26,"column":31},"end":{"line":26,"column":52}}],"line":26},"8":{"loc":{"start":{"line":30,"column":2},"end":{"line":32,"column":3}},"type":"if","locations":[{"start":{"line":30,"column":2},"end":{"line":32,"column":3}},{"start":{},"end":{}}],"line":30},"9":{"loc":{"start":{"line":37,"column":2},"end":{"line":39,"column":3}},"type":"if","locations":[{"start":{"line":37,"column":2},"end":{"line":39,"column":3}},{"start":{},"end":{}}],"line":37},"10":{"loc":{"start":{"line":37,"column":6},"end":{"line":37,"column":62}},"type":"binary-expr","locations":[{"start":{"line":37,"column":6},"end":{"line":37,"column":30}},{"start":{"line":37,"column":34},"end":{"line":37,"column":62}}],"line":37},"11":{"loc":{"start":{"line":46,"column":2},"end":{"line":48,"column":3}},"type":"if","locations":[{"start":{"line":46,"column":2},"end":{"line":48,"column":3}},{"start":{},"end":{}}],"line":46},"12":{"loc":{"start":{"line":50,"column":2},"end":{"line":52,"column":3}},"type":"if","locations":[{"start":{"line":50,"column":2},"end":{"line":52,"column":3}},{"start":{},"end":{}}],"line":50},"13":{"loc":{"start":{"line":54,"column":2},"end":{"line":56,"column":3}},"type":"if","locations":[{"start":{"line":54,"column":2},"end":{"line":56,"column":3}},{"start":{},"end":{}}],"line":54},"14":{"loc":{"start":{"line":54,"column":6},"end":{"line":54,"column":24}},"type":"binary-expr","locations":[{"start":{"line":54,"column":6},"end":{"line":54,"column":13}},{"start":{"line":54,"column":17},"end":{"line":54,"column":24}}],"line":54},"15":{"loc":{"start":{"line":67,"column":2},"end":{"line":69,"column":3}},"type":"if","locations":[{"start":{"line":67,"column":2},"end":{"line":69,"column":3}},{"start":{},"end":{}}],"line":67},"16":{"loc":{"start":{"line":75,"column":2},"end":{"line":77,"column":3}},"type":"if","locations":[{"start":{"line":75,"column":2},"end":{"line":77,"column":3}},{"start":{},"end":{}}],"line":75},"17":{"loc":{"start":{"line":75,"column":6},"end":{"line":75,"column":53}},"type":"binary-expr","locations":[{"start":{"line":75,"column":6},"end":{"line":75,"column":29}},{"start":{"line":75,"column":33},"end":{"line":75,"column":53}}],"line":75},"18":{"loc":{"start":{"line":84,"column":2},"end":{"line":86,"column":3}},"type":"if","locations":[{"start":{"line":84,"column":2},"end":{"line":86,"column":3}},{"start":{},"end":{}}],"line":84},"19":{"loc":{"start":{"line":84,"column":6},"end":{"line":84,"column":46}},"type":"binary-expr","locations":[{"start":{"line":84,"column":6},"end":{"line":84,"column":31}},{"start":{"line":84,"column":35},"end":{"line":84,"column":46}}],"line":84},"20":{"loc":{"start":{"line":88,"column":2},"end":{"line":90,"column":3}},"type":"if","locations":[{"start":{"line":88,"column":2},"end":{"line":90,"column":3}},{"start":{},"end":{}}],"line":88},"21":{"loc":{"start":{"line":92,"column":2},"end":{"line":94,"column":3}},"type":"if","locations":[{"start":{"line":92,"column":2},"end":{"line":94,"column":3}},{"start":{},"end":{}}],"line":92},"22":{"loc":{"start":{"line":97,"column":4},"end":{"line":99,"column":5}},"type":"if","locations":[{"start":{"line":97,"column":4},"end":{"line":99,"column":5}},{"start":{},"end":{}}],"line":97},"23":{"loc":{"start":{"line":106,"column":2},"end":{"line":108,"column":3}},"type":"if","locations":[{"start":{"line":106,"column":2},"end":{"line":108,"column":3}},{"start":{},"end":{}}],"line":106},"24":{"loc":{"start":{"line":114,"column":2},"end":{"line":116,"column":3}},"type":"if","locations":[{"start":{"line":114,"column":2},"end":{"line":116,"column":3}},{"start":{},"end":{}}],"line":114},"25":{"loc":{"start":{"line":114,"column":6},"end":{"line":114,"column":47}},"type":"binary-expr","locations":[{"start":{"line":114,"column":6},"end":{"line":114,"column":32}},{"start":{"line":114,"column":36},"end":{"line":114,"column":47}}],"line":114},"26":{"loc":{"start":{"line":118,"column":2},"end":{"line":118,"column":30}},"type":"if","locations":[{"start":{"line":118,"column":2},"end":{"line":118,"column":30}},{"start":{},"end":{}}],"line":118},"27":{"loc":{"start":{"line":119,"column":2},"end":{"line":119,"column":30}},"type":"if","locations":[{"start":{"line":119,"column":2},"end":{"line":119,"column":30}},{"start":{},"end":{}}],"line":119}},"s":{"0":8,"1":1,"2":7,"3":7,"4":0,"5":7,"6":8,"7":0,"8":8,"9":8,"10":0,"11":8,"12":1,"13":7,"14":7,"15":0,"16":7,"17":8,"18":0,"19":8,"20":1,"21":7,"22":2,"23":5,"24":5,"25":5,"26":25,"27":5,"28":7,"29":0,"30":7,"31":6,"32":1,"33":5,"34":13,"35":5,"36":11,"37":3,"38":8,"39":1,"40":7,"41":3,"42":4,"43":4,"44":1,"45":0,"46":4,"47":7,"48":0,"49":7,"50":8,"51":1,"52":7,"53":1,"54":6,"55":1,"56":5,"57":5,"58":5,"59":5,"60":44,"61":44,"62":44,"63":5,"64":1,"65":1,"66":1,"67":1,"68":1,"69":1,"70":1,"71":1,"72":1,"73":1},"f":{"0":8,"1":7,"2":8,"3":8,"4":7,"5":8,"6":7,"7":6,"8":13,"9":11,"10":7,"11":8},"b":{"0":[1,7],"1":[8,8],"2":[0,7],"3":[7,7],"4":[0,8],"5":[8,8],"6":[0,8],"7":[8,8],"8":[1,7],"9":[0,7],"10":[7,7],"11":[0,8],"12":[1,7],"13":[2,5],"14":[7,6],"15":[0,7],"16":[1,5],"17":[6,6],"18":[3,8],"19":[11,11],"20":[1,7],"21":[3,4],"22":[0,1],"23":[0,7],"24":[1,7],"25":[8,8],"26":[1,6],"27":[1,5]},"meta":{"lastBranch":28,"lastFunction":12,"lastStatement":74,"seen":{"f:1:16:1:21":0,"b:2:2:4:3:undefined:undefined:undefined:undefined":0,"s:2:2:4:3":0,"b:2:6:2:27:2:31:2:52":1,"s:3:4:3:53":1,"s:6:2:6:15":2,"f:9:16:9:24":1,"b:10:2:12:3:undefined:undefined:undefined:undefined":2,"s:10:2:12:3":3,"b:10:6:10:27:10:31:10:52":3,"s:11:4:11:53":4,"s:14:2:14:15":5,"f:17:16:17:27":2,"b:18:2:20:3:undefined:undefined:undefined:undefined":4,"s:18:2:20:3":6,"b:18:6:18:27:18:31:18:52":5,"s:19:4:19:53":7,"s:22:2:22:15":8,"f:25:16:25:23":3,"b:26:2:28:3:undefined:undefined:undefined:undefined":6,"s:26:2:28:3":9,"b:26:6:26:27:26:31:26:52":7,"s:27:4:27:53":10,"b:30:2:32:3:undefined:undefined:undefined:undefined":8,"s:30:2:32:3":11,"s:31:4:31:57":12,"s:33:2:33:15":13,"f:36:16:36:22":4,"b:37:2:39:3:undefined:undefined:undefined:undefined":9,"s:37:2:39:3":14,"b:37:6:37:30:37:34:37:62":10,"s:38:4:38:53":15,"s:41:2:41:34":16,"f:44:16:44:24":5,"b:46:2:48:3:undefined:undefined:undefined:undefined":11,"s:46:2:48:3":17,"s:47:4:47:51":18,"b:50:2:52:3:undefined:undefined:undefined:undefined":12,"s:50:2:52:3":19,"s:51:4:51:68":20,"b:54:2:56:3:undefined:undefined:undefined:undefined":13,"s:54:2:56:3":21,"b:54:6:54:13:54:17:54:24":14,"s:55:4:55:13":22,"s:58:18:58:19":23,"s:59:2:61:3":24,"s:59:15:59:16":25,"s:60:4:60:19":26,"s:63:2:63:19":27,"f:66:16:66:21":6,"b:67:2:69:3:undefined:undefined:undefined:undefined":15,"s:67:2:69:3":28,"s:68:4:68:51":29,"s:71:2:71:26":30,"f:74:16:74:21":7,"b:75:2:77:3:undefined:undefined:undefined:undefined":16,"s:75:2:77:3":31,"b:75:6:75:29:75:33:75:53":17,"s:76:4:76:74":32,"s:79:16:79:76":33,"f:79:31:79:32":8,"s:79:54:79:72":34,"s:80:2:80:32":35,"f:83:16:83:23":9,"b:84:2:86:3:undefined:undefined:undefined:undefined":18,"s:84:2:86:3":36,"b:84:6:84:31:84:35:84:46":19,"s:85:4:85:17":37,"b:88:2:90:3:undefined:undefined:undefined:undefined":20,"s:88:2:90:3":38,"s:89:4:89:16":39,"b:92:2:94:3:undefined:undefined:undefined:undefined":21,"s:92:2:94:3":40,"s:93:4:93:17":41,"s:96:2:100:3":42,"s:96:15:96:16":43,"b:97:4:99:5:undefined:undefined:undefined:undefined":22,"s:97:4:99:5":44,"s:98:6:98:19":45,"s:102:2:102:14":46,"f:105:16:105:23":10,"b:106:2:108:3:undefined:undefined:undefined:undefined":23,"s:106:2:108:3":47,"s:107:4:107:71":48,"s:110:2:110:51":49,"f:113:16:113:25":11,"b:114:2:116:3:undefined:undefined:undefined:undefined":24,"s:114:2:116:3":50,"b:114:6:114:32:114:36:114:47":25,"s:115:4:115:74":51,"b:118:2:118:30:undefined:undefined:undefined:undefined":26,"s:118:2:118:30":52,"s:118:21:118:30":53,"b:119:2:119:30:undefined:undefined:undefined:undefined":27,"s:119:2:119:30":54,"s:119:21:119:30":55,"s:121:17:121:18":56,"s:122:14:122:15":57,"s:124:2:128:3":58,"s:124:15:124:16":59,"s:125:20:125:36":60,"s:126:4:126:21":61,"s:127:4:127:20":62,"s:130:2:130:15":63,"s:133:19:133:24":64,"s:134:24:134:32":65,"s:135:24:135:35":66,"s:136:22:136:29":67,"s:137:21:137:27":68,"s:138:25:138:33":69,"s:139:22:139:27":70,"s:140:23:140:28":71,"s:141:23:141:30":72,"s:142:21:142:28":73},"fnNames":{}}}
,"C:\\Users\\50704674840\\Documents\\TSOF\\Unitários-Lib-v2-Aluno\\src\\moeda.js": {"path":"C:\\Users\\50704674840\\Documents\\TSOF\\Unitários-Lib-v2-Aluno\\src\\moeda.js","statementMap":{"0":{"start":{"line":3,"column":17},"end":{"line":3,"column":46}},"1":{"start":{"line":6,"column":19},"end":{"line":11,"column":4}},"2":{"start":{"line":13,"column":16},"end":{"line":13,"column":29}},"3":{"start":{"line":15,"column":2},"end":{"line":17,"column":3}},"4":{"start":{"line":16,"column":4},"end":{"line":16,"column":72}},"5":{"start":{"line":19,"column":2},"end":{"line":19,"column":43}},"6":{"start":{"line":23,"column":2},"end":{"line":25,"column":3}},"7":{"start":{"line":24,"column":4},"end":{"line":24,"column":56}},"8":{"start":{"line":27,"column":18},"end":{"line":27,"column":64}},"9":{"start":{"line":28,"column":2},"end":{"line":28,"column":46}}},"fnMap":{"0":{"name":"buscarCotacao","decl":{"start":{"line":5,"column":22},"end":{"line":5,"column":35}},"loc":{"start":{"line":5,"column":63},"end":{"line":20,"column":1}},"line":5},"1":{"name":"converterMoeda","decl":{"start":{"line":22,"column":22},"end":{"line":22,"column":36}},"loc":{"start":{"line":22,"column":71},"end":{"line":29,"column":1}},"line":22}},"branchMap":{"0":{"loc":{"start":{"line":15,"column":2},"end":{"line":17,"column":3}},"type":"if","locations":[{"start":{"line":15,"column":2},"end":{"line":17,"column":3}},{"start":{},"end":{}}],"line":15},"1":{"loc":{"start":{"line":15,"column":6},"end":{"line":15,"column":49}},"type":"binary-expr","locations":[{"start":{"line":15,"column":6},"end":{"line":15,"column":19}},{"start":{"line":15,"column":23},"end":{"line":15,"column":49}}],"line":15},"2":{"loc":{"start":{"line":23,"column":2},"end":{"line":25,"column":3}},"type":"if","locations":[{"start":{"line":23,"column":2},"end":{"line":25,"column":3}},{"start":{},"end":{}}],"line":23}},"s":{"0":1,"1":1,"2":1,"3":1,"4":1,"5":0,"6":0,"7":0,"8":0,"9":0},"f":{"0":1,"1":0},"b":{"0":[1,0],"1":[1,0],"2":[0,0]},"meta":{"lastBranch":3,"lastFunction":2,"lastStatement":10,"seen":{"s:3:17:3:46":0,"f:5:22:5:35":0,"s:6:19:11:4":1,"s:13:16:13:29":2,"b:15:2:17:3:undefined:undefined:undefined:undefined":0,"s:15:2:17:3":3,"b:15:6:15:19:15:23:15:49":1,"s:16:4:16:72":4,"s:19:2:19:43":5,"f:22:22:22:36":1,"b:23:2:25:3:undefined:undefined:undefined:undefined":2,"s:23:2:25:3":6,"s:24:4:24:56":7,"s:27:18:27:64":8,"s:28:2:28:46":9},"fnNames":{}}}
}
